<?xml version="1.0" encoding="UTF-8"?>
<!-- Generated by org.testng.reporters.JUnitReportReporter -->
<testsuite skipped="0" hostname="DESKTOP-S5UNGIC" name="TestCases.FirstTestCase" tests="2" failures="0" timestamp="2022-03-09T22:02:24 IST" time="0.766" errors="0">
  <testcase name="validatetitle" time="0.063" classname="TestCases.FirstTestCase"/>
  <system-out/>
  <testcase name="validateImage" time="0.703" classname="TestCases.FirstTestCase"/>
  <system-out/>
</testsuite> <!-- TestCases.FirstTestCase -->
